INFO [10-22|17:18:08.140] Starting pprof server                    addr=http://127.0.0.1:6060/debug/pprof
INFO [10-22|17:18:08.140] Bumping default cache on mainnet         provided=1024 updated=4096
INFO [10-22|17:18:08.140] Sanitizing Go's GC trigger               percent=25
INFO [10-22|17:18:08.142] Maximum peer count                       ETH=50 LES=0 total=50
INFO [10-22|17:18:08.183] Allocated cache and file handles         database=data/spv_transaction_info.db cache=768.00MiB handles=16
INFO [10-22|17:18:08.262] Starting peer-to-peer node               instance=Geth/v1.9.7.0-v0.2.1-3d674a1c-20221012/darwin-amd64/go1.18.6
INFO [10-22|17:18:08.262] Allocated trie memory caches             clean=2.00GiB dirty=0.00B
INFO [10-22|17:18:08.262] Allocated cache and file handles         database=/Users/xuxinlai/work/Elink/1node/data/geth/chaindata cache=2.00GiB   handles=5120
INFO [10-22|17:18:08.530] Opened ancient database                  database=/Users/xuxinlai/work/Elink/1node/data/geth/chaindata/ancient
INFO [10-22|17:18:08.531] Initialised chain configuration          config="{ChainID: 83 OldChainID: 83 Homestead: 1 DAO: <nil> DAOSupport: false EIP150: 1 EIP155: 1 EIP158: 1 Byzantium: 1 Constantinople: 1 Petersburg: 1 Istanbul: 1 ChainIDBlock:1 PBFTBlock:<nil> Engine: pbft DynamicArbiterHeight: 1034900}" config.Miner.Etherbase=0x0000000000000000000000000000000000000000
INFO [10-22|17:18:08.531] Initialising Ethereum protocol           versions="[64 63]" network=20 dbversion=7
>>>>>>> cfg.DPoSV2StartHeight <<<<<<<< 2000000
INFO [10-22|17:18:09.309] Loaded most recent local header          number=0 hash=53e704…123416 td=1 age=3y1mo1w
INFO [10-22|17:18:09.309] Loaded most recent local full block      number=0 hash=53e704…123416 td=1 age=3y1mo1w
INFO [10-22|17:18:09.309] Loaded most recent local fast block      number=0 hash=53e704…123416 td=1 age=3y1mo1w
INFO [10-22|17:18:09.309] Loaded local evilSingerEvent journal     evilSingerEvents=0 dropped=0
INFO [10-22|17:18:09.310] Regenerated local evilSingerEvent journal evilSingerEvents=0 base=0
INFO [10-22|17:18:09.322] Loaded local transaction journal         transactions=0 dropped=0
INFO [10-22|17:18:09.322] FRegenerated local transaction journal   transactions=0 accounts=0
INFO [10-22|17:18:09.324] prepare broad onduty event 
INFO [10-22|17:18:09.418] New local node record                    seq=2 id=5b8bb5368400e381 ip=127.0.0.1 udp=5111 tcp=5111
INFO [10-22|17:18:09.421] IPC endpoint opened                      url=/Users/xuxinlai/work/Elink/1node/data/geth.ipc
INFO [10-22|17:18:09.422] HTTP endpoint opened                     url=http://127.0.0.1:6111 cors=* vhosts=*
INFO [10-22|17:18:09.422] Started P2P networking                   self=enode://e4f0f6aa5057662cd70ae0db08572aab4348e33f949bfd7f1dfcef14f995bb43b1d805adf46350e3d47b63fe76416430891ce8ef4e9f524c43ea1f57164ee895@127.0.0.1:5111
INFO [10-22|17:18:09.423] WebSocket endpoint opened                url=ws://[::]:7111
Fatal: Failed to unlock account 0x53781e106a2e3378083bdcede1874e5c2a7225f8 (no key for given address or file)
