2022-06-06 13:55:50.346 [INF] SPVS /Users/xuxinlai/gopath/src/github.com/elastos/Elastos.ELA.SideChain.ESC/build/_workspace/src/github.com/elastos/Elastos.ELA.SideChain.ESC/vendor/github.com/elastos/Elastos.ELA.SPV/sdk/service.go:466: SPV service started...
2022-06-06 13:55:50.347 [INF] ADMR /Users/xuxinlai/gopath/src/github.com/elastos/Elastos.ELA.SideChain.ESC/build/_workspace/src/github.com/elastos/Elastos.ELA.SideChain.ESC/vendor/github.com/elastos/Elastos.ELA/p2p/addrmgr/addrmanager.go:493: Loaded 0 addresses from file 'data/peers.json'
2022-06-06 15:55:49.771 [INF] ADMR /Users/xuxinlai/gopath/src/github.com/elastos/Elastos.ELA.SideChain.ESC/build/_workspace/src/github.com/elastos/Elastos.ELA.SideChain.ESC/vendor/github.com/elastos/Elastos.ELA/p2p/addrmgr/addrmanager.go:371: Start check addrList, count: 0
2022-06-06 15:55:49.771 [INF] ADMR /Users/xuxinlai/gopath/src/github.com/elastos/Elastos.ELA.SideChain.ESC/build/_workspace/src/github.com/elastos/Elastos.ELA.SideChain.ESC/vendor/github.com/elastos/Elastos.ELA/p2p/addrmgr/addrmanager.go:378: Check addrList finished, need to remove 0 addr, 0 addr is ok
2022-06-06 17:55:50.061 [INF] ADMR /Users/xuxinlai/gopath/src/github.com/elastos/Elastos.ELA.SideChain.ESC/build/_workspace/src/github.com/elastos/Elastos.ELA.SideChain.ESC/vendor/github.com/elastos/Elastos.ELA/p2p/addrmgr/addrmanager.go:371: Start check addrList, count: 0
2022-06-06 17:55:50.061 [INF] ADMR /Users/xuxinlai/gopath/src/github.com/elastos/Elastos.ELA.SideChain.ESC/build/_workspace/src/github.com/elastos/Elastos.ELA.SideChain.ESC/vendor/github.com/elastos/Elastos.ELA/p2p/addrmgr/addrmanager.go:378: Check addrList finished, need to remove 0 addr, 0 addr is ok
2022-06-06 19:55:49.492 [INF] ADMR /Users/xuxinlai/gopath/src/github.com/elastos/Elastos.ELA.SideChain.ESC/build/_workspace/src/github.com/elastos/Elastos.ELA.SideChain.ESC/vendor/github.com/elastos/Elastos.ELA/p2p/addrmgr/addrmanager.go:371: Start check addrList, count: 0
2022-06-06 19:55:49.492 [INF] ADMR /Users/xuxinlai/gopath/src/github.com/elastos/Elastos.ELA.SideChain.ESC/build/_workspace/src/github.com/elastos/Elastos.ELA.SideChain.ESC/vendor/github.com/elastos/Elastos.ELA/p2p/addrmgr/addrmanager.go:378: Check addrList finished, need to remove 0 addr, 0 addr is ok
2022-06-06 21:55:49.355 [INF] ADMR /Users/xuxinlai/gopath/src/github.com/elastos/Elastos.ELA.SideChain.ESC/build/_workspace/src/github.com/elastos/Elastos.ELA.SideChain.ESC/vendor/github.com/elastos/Elastos.ELA/p2p/addrmgr/addrmanager.go:371: Start check addrList, count: 0
2022-06-06 21:55:49.356 [INF] ADMR /Users/xuxinlai/gopath/src/github.com/elastos/Elastos.ELA.SideChain.ESC/build/_workspace/src/github.com/elastos/Elastos.ELA.SideChain.ESC/vendor/github.com/elastos/Elastos.ELA/p2p/addrmgr/addrmanager.go:378: Check addrList finished, need to remove 0 addr, 0 addr is ok
2022-06-06 23:55:49.320 [INF] ADMR /Users/xuxinlai/gopath/src/github.com/elastos/Elastos.ELA.SideChain.ESC/build/_workspace/src/github.com/elastos/Elastos.ELA.SideChain.ESC/vendor/github.com/elastos/Elastos.ELA/p2p/addrmgr/addrmanager.go:371: Start check addrList, count: 0
2022-06-06 23:55:49.321 [INF] ADMR /Users/xuxinlai/gopath/src/github.com/elastos/Elastos.ELA.SideChain.ESC/build/_workspace/src/github.com/elastos/Elastos.ELA.SideChain.ESC/vendor/github.com/elastos/Elastos.ELA/p2p/addrmgr/addrmanager.go:378: Check addrList finished, need to remove 0 addr, 0 addr is ok
2022-06-07 01:55:49.236 [INF] ADMR /Users/xuxinlai/gopath/src/github.com/elastos/Elastos.ELA.SideChain.ESC/build/_workspace/src/github.com/elastos/Elastos.ELA.SideChain.ESC/vendor/github.com/elastos/Elastos.ELA/p2p/addrmgr/addrmanager.go:371: Start check addrList, count: 0
2022-06-07 01:55:49.237 [INF] ADMR /Users/xuxinlai/gopath/src/github.com/elastos/Elastos.ELA.SideChain.ESC/build/_workspace/src/github.com/elastos/Elastos.ELA.SideChain.ESC/vendor/github.com/elastos/Elastos.ELA/p2p/addrmgr/addrmanager.go:378: Check addrList finished, need to remove 0 addr, 0 addr is ok
2022-06-07 03:55:49.148 [INF] ADMR /Users/xuxinlai/gopath/src/github.com/elastos/Elastos.ELA.SideChain.ESC/build/_workspace/src/github.com/elastos/Elastos.ELA.SideChain.ESC/vendor/github.com/elastos/Elastos.ELA/p2p/addrmgr/addrmanager.go:371: Start check addrList, count: 0
2022-06-07 03:55:49.149 [INF] ADMR /Users/xuxinlai/gopath/src/github.com/elastos/Elastos.ELA.SideChain.ESC/build/_workspace/src/github.com/elastos/Elastos.ELA.SideChain.ESC/vendor/github.com/elastos/Elastos.ELA/p2p/addrmgr/addrmanager.go:378: Check addrList finished, need to remove 0 addr, 0 addr is ok
2022-06-07 05:55:49.062 [INF] ADMR /Users/xuxinlai/gopath/src/github.com/elastos/Elastos.ELA.SideChain.ESC/build/_workspace/src/github.com/elastos/Elastos.ELA.SideChain.ESC/vendor/github.com/elastos/Elastos.ELA/p2p/addrmgr/addrmanager.go:371: Start check addrList, count: 0
2022-06-07 05:55:49.063 [INF] ADMR /Users/xuxinlai/gopath/src/github.com/elastos/Elastos.ELA.SideChain.ESC/build/_workspace/src/github.com/elastos/Elastos.ELA.SideChain.ESC/vendor/github.com/elastos/Elastos.ELA/p2p/addrmgr/addrmanager.go:378: Check addrList finished, need to remove 0 addr, 0 addr is ok
2022-06-07 07:55:48.330 [INF] ADMR /Users/xuxinlai/gopath/src/github.com/elastos/Elastos.ELA.SideChain.ESC/build/_workspace/src/github.com/elastos/Elastos.ELA.SideChain.ESC/vendor/github.com/elastos/Elastos.ELA/p2p/addrmgr/addrmanager.go:371: Start check addrList, count: 0
2022-06-07 07:55:48.330 [INF] ADMR /Users/xuxinlai/gopath/src/github.com/elastos/Elastos.ELA.SideChain.ESC/build/_workspace/src/github.com/elastos/Elastos.ELA.SideChain.ESC/vendor/github.com/elastos/Elastos.ELA/p2p/addrmgr/addrmanager.go:378: Check addrList finished, need to remove 0 addr, 0 addr is ok
2022-06-07 09:55:47.736 [INF] ADMR /Users/xuxinlai/gopath/src/github.com/elastos/Elastos.ELA.SideChain.ESC/build/_workspace/src/github.com/elastos/Elastos.ELA.SideChain.ESC/vendor/github.com/elastos/Elastos.ELA/p2p/addrmgr/addrmanager.go:371: Start check addrList, count: 0
2022-06-07 09:55:47.737 [INF] ADMR /Users/xuxinlai/gopath/src/github.com/elastos/Elastos.ELA.SideChain.ESC/build/_workspace/src/github.com/elastos/Elastos.ELA.SideChain.ESC/vendor/github.com/elastos/Elastos.ELA/p2p/addrmgr/addrmanager.go:378: Check addrList finished, need to remove 0 addr, 0 addr is ok
2022-06-07 11:55:47.774 [INF] ADMR /Users/xuxinlai/gopath/src/github.com/elastos/Elastos.ELA.SideChain.ESC/build/_workspace/src/github.com/elastos/Elastos.ELA.SideChain.ESC/vendor/github.com/elastos/Elastos.ELA/p2p/addrmgr/addrmanager.go:371: Start check addrList, count: 0
2022-06-07 11:55:47.775 [INF] ADMR /Users/xuxinlai/gopath/src/github.com/elastos/Elastos.ELA.SideChain.ESC/build/_workspace/src/github.com/elastos/Elastos.ELA.SideChain.ESC/vendor/github.com/elastos/Elastos.ELA/p2p/addrmgr/addrmanager.go:378: Check addrList finished, need to remove 0 addr, 0 addr is ok
2022-06-07 13:55:47.631 [INF] ADMR /Users/xuxinlai/gopath/src/github.com/elastos/Elastos.ELA.SideChain.ESC/build/_workspace/src/github.com/elastos/Elastos.ELA.SideChain.ESC/vendor/github.com/elastos/Elastos.ELA/p2p/addrmgr/addrmanager.go:371: Start check addrList, count: 0
2022-06-07 13:55:47.631 [INF] ADMR /Users/xuxinlai/gopath/src/github.com/elastos/Elastos.ELA.SideChain.ESC/build/_workspace/src/github.com/elastos/Elastos.ELA.SideChain.ESC/vendor/github.com/elastos/Elastos.ELA/p2p/addrmgr/addrmanager.go:378: Check addrList finished, need to remove 0 addr, 0 addr is ok
2022-06-07 15:55:47.355 [INF] ADMR /Users/xuxinlai/gopath/src/github.com/elastos/Elastos.ELA.SideChain.ESC/build/_workspace/src/github.com/elastos/Elastos.ELA.SideChain.ESC/vendor/github.com/elastos/Elastos.ELA/p2p/addrmgr/addrmanager.go:371: Start check addrList, count: 0
2022-06-07 15:55:47.355 [INF] ADMR /Users/xuxinlai/gopath/src/github.com/elastos/Elastos.ELA.SideChain.ESC/build/_workspace/src/github.com/elastos/Elastos.ELA.SideChain.ESC/vendor/github.com/elastos/Elastos.ELA/p2p/addrmgr/addrmanager.go:378: Check addrList finished, need to remove 0 addr, 0 addr is ok
2022-06-07 17:55:46.986 [INF] ADMR /Users/xuxinlai/gopath/src/github.com/elastos/Elastos.ELA.SideChain.ESC/build/_workspace/src/github.com/elastos/Elastos.ELA.SideChain.ESC/vendor/github.com/elastos/Elastos.ELA/p2p/addrmgr/addrmanager.go:371: Start check addrList, count: 0
2022-06-07 17:55:46.987 [INF] ADMR /Users/xuxinlai/gopath/src/github.com/elastos/Elastos.ELA.SideChain.ESC/build/_workspace/src/github.com/elastos/Elastos.ELA.SideChain.ESC/vendor/github.com/elastos/Elastos.ELA/p2p/addrmgr/addrmanager.go:378: Check addrList finished, need to remove 0 addr, 0 addr is ok
2022-06-07 19:55:46.884 [INF] ADMR /Users/xuxinlai/gopath/src/github.com/elastos/Elastos.ELA.SideChain.ESC/build/_workspace/src/github.com/elastos/Elastos.ELA.SideChain.ESC/vendor/github.com/elastos/Elastos.ELA/p2p/addrmgr/addrmanager.go:371: Start check addrList, count: 0
2022-06-07 19:55:46.885 [INF] ADMR /Users/xuxinlai/gopath/src/github.com/elastos/Elastos.ELA.SideChain.ESC/build/_workspace/src/github.com/elastos/Elastos.ELA.SideChain.ESC/vendor/github.com/elastos/Elastos.ELA/p2p/addrmgr/addrmanager.go:378: Check addrList finished, need to remove 0 addr, 0 addr is ok
2022-06-07 21:55:46.730 [INF] ADMR /Users/xuxinlai/gopath/src/github.com/elastos/Elastos.ELA.SideChain.ESC/build/_workspace/src/github.com/elastos/Elastos.ELA.SideChain.ESC/vendor/github.com/elastos/Elastos.ELA/p2p/addrmgr/addrmanager.go:371: Start check addrList, count: 0
2022-06-07 21:55:46.731 [INF] ADMR /Users/xuxinlai/gopath/src/github.com/elastos/Elastos.ELA.SideChain.ESC/build/_workspace/src/github.com/elastos/Elastos.ELA.SideChain.ESC/vendor/github.com/elastos/Elastos.ELA/p2p/addrmgr/addrmanager.go:378: Check addrList finished, need to remove 0 addr, 0 addr is ok
2022-06-07 23:55:46.844 [INF] ADMR /Users/xuxinlai/gopath/src/github.com/elastos/Elastos.ELA.SideChain.ESC/build/_workspace/src/github.com/elastos/Elastos.ELA.SideChain.ESC/vendor/github.com/elastos/Elastos.ELA/p2p/addrmgr/addrmanager.go:371: Start check addrList, count: 0
2022-06-07 23:55:46.844 [INF] ADMR /Users/xuxinlai/gopath/src/github.com/elastos/Elastos.ELA.SideChain.ESC/build/_workspace/src/github.com/elastos/Elastos.ELA.SideChain.ESC/vendor/github.com/elastos/Elastos.ELA/p2p/addrmgr/addrmanager.go:378: Check addrList finished, need to remove 0 addr, 0 addr is ok
2022-06-08 01:55:46.501 [INF] ADMR /Users/xuxinlai/gopath/src/github.com/elastos/Elastos.ELA.SideChain.ESC/build/_workspace/src/github.com/elastos/Elastos.ELA.SideChain.ESC/vendor/github.com/elastos/Elastos.ELA/p2p/addrmgr/addrmanager.go:371: Start check addrList, count: 0
2022-06-08 01:55:46.502 [INF] ADMR /Users/xuxinlai/gopath/src/github.com/elastos/Elastos.ELA.SideChain.ESC/build/_workspace/src/github.com/elastos/Elastos.ELA.SideChain.ESC/vendor/github.com/elastos/Elastos.ELA/p2p/addrmgr/addrmanager.go:378: Check addrList finished, need to remove 0 addr, 0 addr is ok
2022-06-08 03:55:46.275 [INF] ADMR /Users/xuxinlai/gopath/src/github.com/elastos/Elastos.ELA.SideChain.ESC/build/_workspace/src/github.com/elastos/Elastos.ELA.SideChain.ESC/vendor/github.com/elastos/Elastos.ELA/p2p/addrmgr/addrmanager.go:371: Start check addrList, count: 0
2022-06-08 03:55:46.276 [INF] ADMR /Users/xuxinlai/gopath/src/github.com/elastos/Elastos.ELA.SideChain.ESC/build/_workspace/src/github.com/elastos/Elastos.ELA.SideChain.ESC/vendor/github.com/elastos/Elastos.ELA/p2p/addrmgr/addrmanager.go:378: Check addrList finished, need to remove 0 addr, 0 addr is ok
2022-06-08 05:55:46.111 [INF] ADMR /Users/xuxinlai/gopath/src/github.com/elastos/Elastos.ELA.SideChain.ESC/build/_workspace/src/github.com/elastos/Elastos.ELA.SideChain.ESC/vendor/github.com/elastos/Elastos.ELA/p2p/addrmgr/addrmanager.go:371: Start check addrList, count: 0
2022-06-08 05:55:46.112 [INF] ADMR /Users/xuxinlai/gopath/src/github.com/elastos/Elastos.ELA.SideChain.ESC/build/_workspace/src/github.com/elastos/Elastos.ELA.SideChain.ESC/vendor/github.com/elastos/Elastos.ELA/p2p/addrmgr/addrmanager.go:378: Check addrList finished, need to remove 0 addr, 0 addr is ok
2022-06-08 07:55:45.890 [INF] ADMR /Users/xuxinlai/gopath/src/github.com/elastos/Elastos.ELA.SideChain.ESC/build/_workspace/src/github.com/elastos/Elastos.ELA.SideChain.ESC/vendor/github.com/elastos/Elastos.ELA/p2p/addrmgr/addrmanager.go:371: Start check addrList, count: 0
2022-06-08 07:55:45.891 [INF] ADMR /Users/xuxinlai/gopath/src/github.com/elastos/Elastos.ELA.SideChain.ESC/build/_workspace/src/github.com/elastos/Elastos.ELA.SideChain.ESC/vendor/github.com/elastos/Elastos.ELA/p2p/addrmgr/addrmanager.go:378: Check addrList finished, need to remove 0 addr, 0 addr is ok
2022-06-08 09:55:45.442 [INF] ADMR /Users/xuxinlai/gopath/src/github.com/elastos/Elastos.ELA.SideChain.ESC/build/_workspace/src/github.com/elastos/Elastos.ELA.SideChain.ESC/vendor/github.com/elastos/Elastos.ELA/p2p/addrmgr/addrmanager.go:371: Start check addrList, count: 0
2022-06-08 09:55:45.444 [INF] ADMR /Users/xuxinlai/gopath/src/github.com/elastos/Elastos.ELA.SideChain.ESC/build/_workspace/src/github.com/elastos/Elastos.ELA.SideChain.ESC/vendor/github.com/elastos/Elastos.ELA/p2p/addrmgr/addrmanager.go:378: Check addrList finished, need to remove 0 addr, 0 addr is ok
2022-06-08 11:55:45.085 [INF] ADMR /Users/xuxinlai/gopath/src/github.com/elastos/Elastos.ELA.SideChain.ESC/build/_workspace/src/github.com/elastos/Elastos.ELA.SideChain.ESC/vendor/github.com/elastos/Elastos.ELA/p2p/addrmgr/addrmanager.go:371: Start check addrList, count: 0
2022-06-08 11:55:45.086 [INF] ADMR /Users/xuxinlai/gopath/src/github.com/elastos/Elastos.ELA.SideChain.ESC/build/_workspace/src/github.com/elastos/Elastos.ELA.SideChain.ESC/vendor/github.com/elastos/Elastos.ELA/p2p/addrmgr/addrmanager.go:378: Check addrList finished, need to remove 0 addr, 0 addr is ok
2022-06-08 13:55:44.991 [INF] ADMR /Users/xuxinlai/gopath/src/github.com/elastos/Elastos.ELA.SideChain.ESC/build/_workspace/src/github.com/elastos/Elastos.ELA.SideChain.ESC/vendor/github.com/elastos/Elastos.ELA/p2p/addrmgr/addrmanager.go:371: Start check addrList, count: 0
2022-06-08 13:55:44.992 [INF] ADMR /Users/xuxinlai/gopath/src/github.com/elastos/Elastos.ELA.SideChain.ESC/build/_workspace/src/github.com/elastos/Elastos.ELA.SideChain.ESC/vendor/github.com/elastos/Elastos.ELA/p2p/addrmgr/addrmanager.go:378: Check addrList finished, need to remove 0 addr, 0 addr is ok
2022-06-08 15:55:44.964 [INF] ADMR /Users/xuxinlai/gopath/src/github.com/elastos/Elastos.ELA.SideChain.ESC/build/_workspace/src/github.com/elastos/Elastos.ELA.SideChain.ESC/vendor/github.com/elastos/Elastos.ELA/p2p/addrmgr/addrmanager.go:371: Start check addrList, count: 0
2022-06-08 15:55:44.965 [INF] ADMR /Users/xuxinlai/gopath/src/github.com/elastos/Elastos.ELA.SideChain.ESC/build/_workspace/src/github.com/elastos/Elastos.ELA.SideChain.ESC/vendor/github.com/elastos/Elastos.ELA/p2p/addrmgr/addrmanager.go:378: Check addrList finished, need to remove 0 addr, 0 addr is ok
2022-06-08 16:17:59.707 [INF] ADMR /Users/xuxinlai/gopath/src/github.com/elastos/Elastos.ELA.SideChain.ESC/build/_workspace/src/github.com/elastos/Elastos.ELA.SideChain.ESC/vendor/github.com/elastos/Elastos.ELA/p2p/addrmgr/addrmanager.go:625: Address manager shutting down
2022-06-08 16:17:59.708 [INF] SYNC /Users/xuxinlai/gopath/src/github.com/elastos/Elastos.ELA.SideChain.ESC/build/_workspace/src/github.com/elastos/Elastos.ELA.SideChain.ESC/vendor/github.com/elastos/Elastos.ELA.SPV/sync/manager.go:734: Sync manager shutting down
2022-06-08 16:17:59.709 [INF] SPVS /Users/xuxinlai/gopath/src/github.com/elastos/Elastos.ELA.SideChain.ESC/build/_workspace/src/github.com/elastos/Elastos.ELA.SideChain.ESC/vendor/github.com/elastos/Elastos.ELA.SPV/sdk/service.go:483: SPV service stopped...
