2022-05-26 15:54:58.991 [INF] SPVS /Users/xuxinlai/gopath/src/github.com/elastos/Elastos.ELA.SideChain.ESC/build/_workspace/src/github.com/elastos/Elastos.ELA.SideChain.ESC/vendor/github.com/elastos/Elastos.ELA.SPV/sdk/service.go:466: SPV service started...
2022-05-26 15:54:58.992 [INF] ADMR /Users/xuxinlai/gopath/src/github.com/elastos/Elastos.ELA.SideChain.ESC/build/_workspace/src/github.com/elastos/Elastos.ELA.SideChain.ESC/vendor/github.com/elastos/Elastos.ELA/p2p/addrmgr/addrmanager.go:493: Loaded 0 addresses from file 'data/peers.json'
2022-05-26 17:54:58.786 [INF] ADMR /Users/xuxinlai/gopath/src/github.com/elastos/Elastos.ELA.SideChain.ESC/build/_workspace/src/github.com/elastos/Elastos.ELA.SideChain.ESC/vendor/github.com/elastos/Elastos.ELA/p2p/addrmgr/addrmanager.go:371: Start check addrList, count: 0
2022-05-26 17:54:58.786 [INF] ADMR /Users/xuxinlai/gopath/src/github.com/elastos/Elastos.ELA.SideChain.ESC/build/_workspace/src/github.com/elastos/Elastos.ELA.SideChain.ESC/vendor/github.com/elastos/Elastos.ELA/p2p/addrmgr/addrmanager.go:378: Check addrList finished, need to remove 0 addr, 0 addr is ok
2022-05-26 19:54:58.924 [INF] ADMR /Users/xuxinlai/gopath/src/github.com/elastos/Elastos.ELA.SideChain.ESC/build/_workspace/src/github.com/elastos/Elastos.ELA.SideChain.ESC/vendor/github.com/elastos/Elastos.ELA/p2p/addrmgr/addrmanager.go:371: Start check addrList, count: 0
2022-05-26 19:54:58.925 [INF] ADMR /Users/xuxinlai/gopath/src/github.com/elastos/Elastos.ELA.SideChain.ESC/build/_workspace/src/github.com/elastos/Elastos.ELA.SideChain.ESC/vendor/github.com/elastos/Elastos.ELA/p2p/addrmgr/addrmanager.go:378: Check addrList finished, need to remove 0 addr, 0 addr is ok
2022-05-26 21:54:58.539 [INF] ADMR /Users/xuxinlai/gopath/src/github.com/elastos/Elastos.ELA.SideChain.ESC/build/_workspace/src/github.com/elastos/Elastos.ELA.SideChain.ESC/vendor/github.com/elastos/Elastos.ELA/p2p/addrmgr/addrmanager.go:371: Start check addrList, count: 0
2022-05-26 21:54:58.540 [INF] ADMR /Users/xuxinlai/gopath/src/github.com/elastos/Elastos.ELA.SideChain.ESC/build/_workspace/src/github.com/elastos/Elastos.ELA.SideChain.ESC/vendor/github.com/elastos/Elastos.ELA/p2p/addrmgr/addrmanager.go:378: Check addrList finished, need to remove 0 addr, 0 addr is ok
2022-05-26 23:54:57.956 [INF] ADMR /Users/xuxinlai/gopath/src/github.com/elastos/Elastos.ELA.SideChain.ESC/build/_workspace/src/github.com/elastos/Elastos.ELA.SideChain.ESC/vendor/github.com/elastos/Elastos.ELA/p2p/addrmgr/addrmanager.go:371: Start check addrList, count: 0
2022-05-26 23:54:57.957 [INF] ADMR /Users/xuxinlai/gopath/src/github.com/elastos/Elastos.ELA.SideChain.ESC/build/_workspace/src/github.com/elastos/Elastos.ELA.SideChain.ESC/vendor/github.com/elastos/Elastos.ELA/p2p/addrmgr/addrmanager.go:378: Check addrList finished, need to remove 0 addr, 0 addr is ok
2022-05-27 01:54:57.524 [INF] ADMR /Users/xuxinlai/gopath/src/github.com/elastos/Elastos.ELA.SideChain.ESC/build/_workspace/src/github.com/elastos/Elastos.ELA.SideChain.ESC/vendor/github.com/elastos/Elastos.ELA/p2p/addrmgr/addrmanager.go:371: Start check addrList, count: 0
2022-05-27 01:54:57.525 [INF] ADMR /Users/xuxinlai/gopath/src/github.com/elastos/Elastos.ELA.SideChain.ESC/build/_workspace/src/github.com/elastos/Elastos.ELA.SideChain.ESC/vendor/github.com/elastos/Elastos.ELA/p2p/addrmgr/addrmanager.go:378: Check addrList finished, need to remove 0 addr, 0 addr is ok
2022-05-27 03:54:57.092 [INF] ADMR /Users/xuxinlai/gopath/src/github.com/elastos/Elastos.ELA.SideChain.ESC/build/_workspace/src/github.com/elastos/Elastos.ELA.SideChain.ESC/vendor/github.com/elastos/Elastos.ELA/p2p/addrmgr/addrmanager.go:371: Start check addrList, count: 0
2022-05-27 03:54:57.093 [INF] ADMR /Users/xuxinlai/gopath/src/github.com/elastos/Elastos.ELA.SideChain.ESC/build/_workspace/src/github.com/elastos/Elastos.ELA.SideChain.ESC/vendor/github.com/elastos/Elastos.ELA/p2p/addrmgr/addrmanager.go:378: Check addrList finished, need to remove 0 addr, 0 addr is ok
2022-05-27 05:54:56.660 [INF] ADMR /Users/xuxinlai/gopath/src/github.com/elastos/Elastos.ELA.SideChain.ESC/build/_workspace/src/github.com/elastos/Elastos.ELA.SideChain.ESC/vendor/github.com/elastos/Elastos.ELA/p2p/addrmgr/addrmanager.go:371: Start check addrList, count: 0
2022-05-27 05:54:56.661 [INF] ADMR /Users/xuxinlai/gopath/src/github.com/elastos/Elastos.ELA.SideChain.ESC/build/_workspace/src/github.com/elastos/Elastos.ELA.SideChain.ESC/vendor/github.com/elastos/Elastos.ELA/p2p/addrmgr/addrmanager.go:378: Check addrList finished, need to remove 0 addr, 0 addr is ok
2022-05-27 07:54:57.544 [INF] ADMR /Users/xuxinlai/gopath/src/github.com/elastos/Elastos.ELA.SideChain.ESC/build/_workspace/src/github.com/elastos/Elastos.ELA.SideChain.ESC/vendor/github.com/elastos/Elastos.ELA/p2p/addrmgr/addrmanager.go:371: Start check addrList, count: 0
2022-05-27 07:54:57.545 [INF] ADMR /Users/xuxinlai/gopath/src/github.com/elastos/Elastos.ELA.SideChain.ESC/build/_workspace/src/github.com/elastos/Elastos.ELA.SideChain.ESC/vendor/github.com/elastos/Elastos.ELA/p2p/addrmgr/addrmanager.go:378: Check addrList finished, need to remove 0 addr, 0 addr is ok
2022-05-27 09:54:56.969 [INF] ADMR /Users/xuxinlai/gopath/src/github.com/elastos/Elastos.ELA.SideChain.ESC/build/_workspace/src/github.com/elastos/Elastos.ELA.SideChain.ESC/vendor/github.com/elastos/Elastos.ELA/p2p/addrmgr/addrmanager.go:371: Start check addrList, count: 0
2022-05-27 09:54:56.969 [INF] ADMR /Users/xuxinlai/gopath/src/github.com/elastos/Elastos.ELA.SideChain.ESC/build/_workspace/src/github.com/elastos/Elastos.ELA.SideChain.ESC/vendor/github.com/elastos/Elastos.ELA/p2p/addrmgr/addrmanager.go:378: Check addrList finished, need to remove 0 addr, 0 addr is ok
2022-05-27 11:54:56.756 [INF] ADMR /Users/xuxinlai/gopath/src/github.com/elastos/Elastos.ELA.SideChain.ESC/build/_workspace/src/github.com/elastos/Elastos.ELA.SideChain.ESC/vendor/github.com/elastos/Elastos.ELA/p2p/addrmgr/addrmanager.go:371: Start check addrList, count: 0
2022-05-27 11:54:56.757 [INF] ADMR /Users/xuxinlai/gopath/src/github.com/elastos/Elastos.ELA.SideChain.ESC/build/_workspace/src/github.com/elastos/Elastos.ELA.SideChain.ESC/vendor/github.com/elastos/Elastos.ELA/p2p/addrmgr/addrmanager.go:378: Check addrList finished, need to remove 0 addr, 0 addr is ok
2022-05-27 13:54:56.571 [INF] ADMR /Users/xuxinlai/gopath/src/github.com/elastos/Elastos.ELA.SideChain.ESC/build/_workspace/src/github.com/elastos/Elastos.ELA.SideChain.ESC/vendor/github.com/elastos/Elastos.ELA/p2p/addrmgr/addrmanager.go:371: Start check addrList, count: 0
2022-05-27 13:54:56.571 [INF] ADMR /Users/xuxinlai/gopath/src/github.com/elastos/Elastos.ELA.SideChain.ESC/build/_workspace/src/github.com/elastos/Elastos.ELA.SideChain.ESC/vendor/github.com/elastos/Elastos.ELA/p2p/addrmgr/addrmanager.go:378: Check addrList finished, need to remove 0 addr, 0 addr is ok
2022-05-27 16:08:34.154 [INF] ADMR /Users/xuxinlai/gopath/src/github.com/elastos/Elastos.ELA.SideChain.ESC/build/_workspace/src/github.com/elastos/Elastos.ELA.SideChain.ESC/vendor/github.com/elastos/Elastos.ELA/p2p/addrmgr/addrmanager.go:371: Start check addrList, count: 0
2022-05-27 16:08:34.154 [INF] ADMR /Users/xuxinlai/gopath/src/github.com/elastos/Elastos.ELA.SideChain.ESC/build/_workspace/src/github.com/elastos/Elastos.ELA.SideChain.ESC/vendor/github.com/elastos/Elastos.ELA/p2p/addrmgr/addrmanager.go:378: Check addrList finished, need to remove 0 addr, 0 addr is ok
2022-05-27 17:32:11.192 [INF] ADMR /Users/xuxinlai/gopath/src/github.com/elastos/Elastos.ELA.SideChain.ESC/build/_workspace/src/github.com/elastos/Elastos.ELA.SideChain.ESC/vendor/github.com/elastos/Elastos.ELA/p2p/addrmgr/addrmanager.go:625: Address manager shutting down
2022-05-27 17:32:11.194 [INF] SYNC /Users/xuxinlai/gopath/src/github.com/elastos/Elastos.ELA.SideChain.ESC/build/_workspace/src/github.com/elastos/Elastos.ELA.SideChain.ESC/vendor/github.com/elastos/Elastos.ELA.SPV/sync/manager.go:734: Sync manager shutting down
2022-05-27 17:32:11.196 [INF] SPVS /Users/xuxinlai/gopath/src/github.com/elastos/Elastos.ELA.SideChain.ESC/build/_workspace/src/github.com/elastos/Elastos.ELA.SideChain.ESC/vendor/github.com/elastos/Elastos.ELA.SPV/sdk/service.go:483: SPV service stopped...
