2022-06-16 18:58:10.616 [INF] SPVS /Users/xuxinlai/gopath/src/github.com/elastos/Elastos.ELA.SideChain.ESC/build/_workspace/src/github.com/elastos/Elastos.ELA.SideChain.ESC/vendor/github.com/elastos/Elastos.ELA.SPV/sdk/service.go:466: SPV service started...
2022-06-16 18:58:10.617 [INF] ADMR /Users/xuxinlai/gopath/src/github.com/elastos/Elastos.ELA.SideChain.ESC/build/_workspace/src/github.com/elastos/Elastos.ELA.SideChain.ESC/vendor/github.com/elastos/Elastos.ELA/p2p/addrmgr/addrmanager.go:493: Loaded 0 addresses from file 'data/peers.json'
2022-06-16 20:58:10.376 [INF] ADMR /Users/xuxinlai/gopath/src/github.com/elastos/Elastos.ELA.SideChain.ESC/build/_workspace/src/github.com/elastos/Elastos.ELA.SideChain.ESC/vendor/github.com/elastos/Elastos.ELA/p2p/addrmgr/addrmanager.go:371: Start check addrList, count: 0
2022-06-16 20:58:10.377 [INF] ADMR /Users/xuxinlai/gopath/src/github.com/elastos/Elastos.ELA.SideChain.ESC/build/_workspace/src/github.com/elastos/Elastos.ELA.SideChain.ESC/vendor/github.com/elastos/Elastos.ELA/p2p/addrmgr/addrmanager.go:378: Check addrList finished, need to remove 0 addr, 0 addr is ok
2022-06-16 22:58:10.100 [INF] ADMR /Users/xuxinlai/gopath/src/github.com/elastos/Elastos.ELA.SideChain.ESC/build/_workspace/src/github.com/elastos/Elastos.ELA.SideChain.ESC/vendor/github.com/elastos/Elastos.ELA/p2p/addrmgr/addrmanager.go:371: Start check addrList, count: 0
2022-06-16 22:58:10.101 [INF] ADMR /Users/xuxinlai/gopath/src/github.com/elastos/Elastos.ELA.SideChain.ESC/build/_workspace/src/github.com/elastos/Elastos.ELA.SideChain.ESC/vendor/github.com/elastos/Elastos.ELA/p2p/addrmgr/addrmanager.go:378: Check addrList finished, need to remove 0 addr, 0 addr is ok
2022-06-17 00:58:09.798 [INF] ADMR /Users/xuxinlai/gopath/src/github.com/elastos/Elastos.ELA.SideChain.ESC/build/_workspace/src/github.com/elastos/Elastos.ELA.SideChain.ESC/vendor/github.com/elastos/Elastos.ELA/p2p/addrmgr/addrmanager.go:371: Start check addrList, count: 0
2022-06-17 00:58:09.799 [INF] ADMR /Users/xuxinlai/gopath/src/github.com/elastos/Elastos.ELA.SideChain.ESC/build/_workspace/src/github.com/elastos/Elastos.ELA.SideChain.ESC/vendor/github.com/elastos/Elastos.ELA/p2p/addrmgr/addrmanager.go:378: Check addrList finished, need to remove 0 addr, 0 addr is ok
2022-06-17 02:58:09.512 [INF] ADMR /Users/xuxinlai/gopath/src/github.com/elastos/Elastos.ELA.SideChain.ESC/build/_workspace/src/github.com/elastos/Elastos.ELA.SideChain.ESC/vendor/github.com/elastos/Elastos.ELA/p2p/addrmgr/addrmanager.go:371: Start check addrList, count: 0
2022-06-17 02:58:09.512 [INF] ADMR /Users/xuxinlai/gopath/src/github.com/elastos/Elastos.ELA.SideChain.ESC/build/_workspace/src/github.com/elastos/Elastos.ELA.SideChain.ESC/vendor/github.com/elastos/Elastos.ELA/p2p/addrmgr/addrmanager.go:378: Check addrList finished, need to remove 0 addr, 0 addr is ok
2022-06-17 04:58:09.223 [INF] ADMR /Users/xuxinlai/gopath/src/github.com/elastos/Elastos.ELA.SideChain.ESC/build/_workspace/src/github.com/elastos/Elastos.ELA.SideChain.ESC/vendor/github.com/elastos/Elastos.ELA/p2p/addrmgr/addrmanager.go:371: Start check addrList, count: 0
2022-06-17 04:58:09.224 [INF] ADMR /Users/xuxinlai/gopath/src/github.com/elastos/Elastos.ELA.SideChain.ESC/build/_workspace/src/github.com/elastos/Elastos.ELA.SideChain.ESC/vendor/github.com/elastos/Elastos.ELA/p2p/addrmgr/addrmanager.go:378: Check addrList finished, need to remove 0 addr, 0 addr is ok
2022-06-17 06:58:08.937 [INF] ADMR /Users/xuxinlai/gopath/src/github.com/elastos/Elastos.ELA.SideChain.ESC/build/_workspace/src/github.com/elastos/Elastos.ELA.SideChain.ESC/vendor/github.com/elastos/Elastos.ELA/p2p/addrmgr/addrmanager.go:371: Start check addrList, count: 0
2022-06-17 06:58:08.938 [INF] ADMR /Users/xuxinlai/gopath/src/github.com/elastos/Elastos.ELA.SideChain.ESC/build/_workspace/src/github.com/elastos/Elastos.ELA.SideChain.ESC/vendor/github.com/elastos/Elastos.ELA/p2p/addrmgr/addrmanager.go:378: Check addrList finished, need to remove 0 addr, 0 addr is ok
2022-06-17 08:58:09.124 [INF] ADMR /Users/xuxinlai/gopath/src/github.com/elastos/Elastos.ELA.SideChain.ESC/build/_workspace/src/github.com/elastos/Elastos.ELA.SideChain.ESC/vendor/github.com/elastos/Elastos.ELA/p2p/addrmgr/addrmanager.go:371: Start check addrList, count: 0
2022-06-17 08:58:09.125 [INF] ADMR /Users/xuxinlai/gopath/src/github.com/elastos/Elastos.ELA.SideChain.ESC/build/_workspace/src/github.com/elastos/Elastos.ELA.SideChain.ESC/vendor/github.com/elastos/Elastos.ELA/p2p/addrmgr/addrmanager.go:378: Check addrList finished, need to remove 0 addr, 0 addr is ok
2022-06-17 10:58:08.969 [INF] ADMR /Users/xuxinlai/gopath/src/github.com/elastos/Elastos.ELA.SideChain.ESC/build/_workspace/src/github.com/elastos/Elastos.ELA.SideChain.ESC/vendor/github.com/elastos/Elastos.ELA/p2p/addrmgr/addrmanager.go:371: Start check addrList, count: 0
2022-06-17 10:58:08.970 [INF] ADMR /Users/xuxinlai/gopath/src/github.com/elastos/Elastos.ELA.SideChain.ESC/build/_workspace/src/github.com/elastos/Elastos.ELA.SideChain.ESC/vendor/github.com/elastos/Elastos.ELA/p2p/addrmgr/addrmanager.go:378: Check addrList finished, need to remove 0 addr, 0 addr is ok
2022-06-17 12:58:08.511 [INF] ADMR /Users/xuxinlai/gopath/src/github.com/elastos/Elastos.ELA.SideChain.ESC/build/_workspace/src/github.com/elastos/Elastos.ELA.SideChain.ESC/vendor/github.com/elastos/Elastos.ELA/p2p/addrmgr/addrmanager.go:371: Start check addrList, count: 0
2022-06-17 12:58:08.511 [INF] ADMR /Users/xuxinlai/gopath/src/github.com/elastos/Elastos.ELA.SideChain.ESC/build/_workspace/src/github.com/elastos/Elastos.ELA.SideChain.ESC/vendor/github.com/elastos/Elastos.ELA/p2p/addrmgr/addrmanager.go:378: Check addrList finished, need to remove 0 addr, 0 addr is ok
2022-06-17 14:58:08.300 [INF] ADMR /Users/xuxinlai/gopath/src/github.com/elastos/Elastos.ELA.SideChain.ESC/build/_workspace/src/github.com/elastos/Elastos.ELA.SideChain.ESC/vendor/github.com/elastos/Elastos.ELA/p2p/addrmgr/addrmanager.go:371: Start check addrList, count: 0
2022-06-17 14:58:08.301 [INF] ADMR /Users/xuxinlai/gopath/src/github.com/elastos/Elastos.ELA.SideChain.ESC/build/_workspace/src/github.com/elastos/Elastos.ELA.SideChain.ESC/vendor/github.com/elastos/Elastos.ELA/p2p/addrmgr/addrmanager.go:378: Check addrList finished, need to remove 0 addr, 0 addr is ok
2022-06-17 16:58:08.305 [INF] ADMR /Users/xuxinlai/gopath/src/github.com/elastos/Elastos.ELA.SideChain.ESC/build/_workspace/src/github.com/elastos/Elastos.ELA.SideChain.ESC/vendor/github.com/elastos/Elastos.ELA/p2p/addrmgr/addrmanager.go:371: Start check addrList, count: 0
2022-06-17 16:58:08.306 [INF] ADMR /Users/xuxinlai/gopath/src/github.com/elastos/Elastos.ELA.SideChain.ESC/build/_workspace/src/github.com/elastos/Elastos.ELA.SideChain.ESC/vendor/github.com/elastos/Elastos.ELA/p2p/addrmgr/addrmanager.go:378: Check addrList finished, need to remove 0 addr, 0 addr is ok
2022-06-17 18:58:07.951 [INF] ADMR /Users/xuxinlai/gopath/src/github.com/elastos/Elastos.ELA.SideChain.ESC/build/_workspace/src/github.com/elastos/Elastos.ELA.SideChain.ESC/vendor/github.com/elastos/Elastos.ELA/p2p/addrmgr/addrmanager.go:371: Start check addrList, count: 0
2022-06-17 18:58:07.951 [INF] ADMR /Users/xuxinlai/gopath/src/github.com/elastos/Elastos.ELA.SideChain.ESC/build/_workspace/src/github.com/elastos/Elastos.ELA.SideChain.ESC/vendor/github.com/elastos/Elastos.ELA/p2p/addrmgr/addrmanager.go:378: Check addrList finished, need to remove 0 addr, 0 addr is ok
2022-06-17 20:58:07.585 [INF] ADMR /Users/xuxinlai/gopath/src/github.com/elastos/Elastos.ELA.SideChain.ESC/build/_workspace/src/github.com/elastos/Elastos.ELA.SideChain.ESC/vendor/github.com/elastos/Elastos.ELA/p2p/addrmgr/addrmanager.go:371: Start check addrList, count: 0
2022-06-17 20:58:07.585 [INF] ADMR /Users/xuxinlai/gopath/src/github.com/elastos/Elastos.ELA.SideChain.ESC/build/_workspace/src/github.com/elastos/Elastos.ELA.SideChain.ESC/vendor/github.com/elastos/Elastos.ELA/p2p/addrmgr/addrmanager.go:378: Check addrList finished, need to remove 0 addr, 0 addr is ok
2022-06-17 23:09:51.610 [INF] ADMR /Users/xuxinlai/gopath/src/github.com/elastos/Elastos.ELA.SideChain.ESC/build/_workspace/src/github.com/elastos/Elastos.ELA.SideChain.ESC/vendor/github.com/elastos/Elastos.ELA/p2p/addrmgr/addrmanager.go:371: Start check addrList, count: 0
2022-06-17 23:09:51.611 [INF] ADMR /Users/xuxinlai/gopath/src/github.com/elastos/Elastos.ELA.SideChain.ESC/build/_workspace/src/github.com/elastos/Elastos.ELA.SideChain.ESC/vendor/github.com/elastos/Elastos.ELA/p2p/addrmgr/addrmanager.go:378: Check addrList finished, need to remove 0 addr, 0 addr is ok
2022-06-18 01:09:51.431 [INF] ADMR /Users/xuxinlai/gopath/src/github.com/elastos/Elastos.ELA.SideChain.ESC/build/_workspace/src/github.com/elastos/Elastos.ELA.SideChain.ESC/vendor/github.com/elastos/Elastos.ELA/p2p/addrmgr/addrmanager.go:371: Start check addrList, count: 0
2022-06-18 01:09:51.432 [INF] ADMR /Users/xuxinlai/gopath/src/github.com/elastos/Elastos.ELA.SideChain.ESC/build/_workspace/src/github.com/elastos/Elastos.ELA.SideChain.ESC/vendor/github.com/elastos/Elastos.ELA/p2p/addrmgr/addrmanager.go:378: Check addrList finished, need to remove 0 addr, 0 addr is ok
2022-06-18 03:09:51.253 [INF] ADMR /Users/xuxinlai/gopath/src/github.com/elastos/Elastos.ELA.SideChain.ESC/build/_workspace/src/github.com/elastos/Elastos.ELA.SideChain.ESC/vendor/github.com/elastos/Elastos.ELA/p2p/addrmgr/addrmanager.go:371: Start check addrList, count: 0
2022-06-18 03:09:51.253 [INF] ADMR /Users/xuxinlai/gopath/src/github.com/elastos/Elastos.ELA.SideChain.ESC/build/_workspace/src/github.com/elastos/Elastos.ELA.SideChain.ESC/vendor/github.com/elastos/Elastos.ELA/p2p/addrmgr/addrmanager.go:378: Check addrList finished, need to remove 0 addr, 0 addr is ok
2022-06-18 05:09:51.075 [INF] ADMR /Users/xuxinlai/gopath/src/github.com/elastos/Elastos.ELA.SideChain.ESC/build/_workspace/src/github.com/elastos/Elastos.ELA.SideChain.ESC/vendor/github.com/elastos/Elastos.ELA/p2p/addrmgr/addrmanager.go:371: Start check addrList, count: 0
2022-06-18 05:09:51.075 [INF] ADMR /Users/xuxinlai/gopath/src/github.com/elastos/Elastos.ELA.SideChain.ESC/build/_workspace/src/github.com/elastos/Elastos.ELA.SideChain.ESC/vendor/github.com/elastos/Elastos.ELA/p2p/addrmgr/addrmanager.go:378: Check addrList finished, need to remove 0 addr, 0 addr is ok
2022-06-18 07:09:50.897 [INF] ADMR /Users/xuxinlai/gopath/src/github.com/elastos/Elastos.ELA.SideChain.ESC/build/_workspace/src/github.com/elastos/Elastos.ELA.SideChain.ESC/vendor/github.com/elastos/Elastos.ELA/p2p/addrmgr/addrmanager.go:371: Start check addrList, count: 0
2022-06-18 07:09:50.897 [INF] ADMR /Users/xuxinlai/gopath/src/github.com/elastos/Elastos.ELA.SideChain.ESC/build/_workspace/src/github.com/elastos/Elastos.ELA.SideChain.ESC/vendor/github.com/elastos/Elastos.ELA/p2p/addrmgr/addrmanager.go:378: Check addrList finished, need to remove 0 addr, 0 addr is ok
2022-06-18 09:09:51.079 [INF] ADMR /Users/xuxinlai/gopath/src/github.com/elastos/Elastos.ELA.SideChain.ESC/build/_workspace/src/github.com/elastos/Elastos.ELA.SideChain.ESC/vendor/github.com/elastos/Elastos.ELA/p2p/addrmgr/addrmanager.go:371: Start check addrList, count: 0
2022-06-18 09:09:51.079 [INF] ADMR /Users/xuxinlai/gopath/src/github.com/elastos/Elastos.ELA.SideChain.ESC/build/_workspace/src/github.com/elastos/Elastos.ELA.SideChain.ESC/vendor/github.com/elastos/Elastos.ELA/p2p/addrmgr/addrmanager.go:378: Check addrList finished, need to remove 0 addr, 0 addr is ok
2022-06-18 11:09:50.582 [INF] ADMR /Users/xuxinlai/gopath/src/github.com/elastos/Elastos.ELA.SideChain.ESC/build/_workspace/src/github.com/elastos/Elastos.ELA.SideChain.ESC/vendor/github.com/elastos/Elastos.ELA/p2p/addrmgr/addrmanager.go:371: Start check addrList, count: 0
2022-06-18 11:09:50.583 [INF] ADMR /Users/xuxinlai/gopath/src/github.com/elastos/Elastos.ELA.SideChain.ESC/build/_workspace/src/github.com/elastos/Elastos.ELA.SideChain.ESC/vendor/github.com/elastos/Elastos.ELA/p2p/addrmgr/addrmanager.go:378: Check addrList finished, need to remove 0 addr, 0 addr is ok
2022-06-18 13:09:50.243 [INF] ADMR /Users/xuxinlai/gopath/src/github.com/elastos/Elastos.ELA.SideChain.ESC/build/_workspace/src/github.com/elastos/Elastos.ELA.SideChain.ESC/vendor/github.com/elastos/Elastos.ELA/p2p/addrmgr/addrmanager.go:371: Start check addrList, count: 0
2022-06-18 13:09:50.244 [INF] ADMR /Users/xuxinlai/gopath/src/github.com/elastos/Elastos.ELA.SideChain.ESC/build/_workspace/src/github.com/elastos/Elastos.ELA.SideChain.ESC/vendor/github.com/elastos/Elastos.ELA/p2p/addrmgr/addrmanager.go:378: Check addrList finished, need to remove 0 addr, 0 addr is ok
2022-06-18 15:09:50.083 [INF] ADMR /Users/xuxinlai/gopath/src/github.com/elastos/Elastos.ELA.SideChain.ESC/build/_workspace/src/github.com/elastos/Elastos.ELA.SideChain.ESC/vendor/github.com/elastos/Elastos.ELA/p2p/addrmgr/addrmanager.go:371: Start check addrList, count: 0
2022-06-18 15:09:50.084 [INF] ADMR /Users/xuxinlai/gopath/src/github.com/elastos/Elastos.ELA.SideChain.ESC/build/_workspace/src/github.com/elastos/Elastos.ELA.SideChain.ESC/vendor/github.com/elastos/Elastos.ELA/p2p/addrmgr/addrmanager.go:378: Check addrList finished, need to remove 0 addr, 0 addr is ok
2022-06-18 17:09:49.884 [INF] ADMR /Users/xuxinlai/gopath/src/github.com/elastos/Elastos.ELA.SideChain.ESC/build/_workspace/src/github.com/elastos/Elastos.ELA.SideChain.ESC/vendor/github.com/elastos/Elastos.ELA/p2p/addrmgr/addrmanager.go:371: Start check addrList, count: 0
2022-06-18 17:09:49.885 [INF] ADMR /Users/xuxinlai/gopath/src/github.com/elastos/Elastos.ELA.SideChain.ESC/build/_workspace/src/github.com/elastos/Elastos.ELA.SideChain.ESC/vendor/github.com/elastos/Elastos.ELA/p2p/addrmgr/addrmanager.go:378: Check addrList finished, need to remove 0 addr, 0 addr is ok
2022-06-18 19:09:49.585 [INF] ADMR /Users/xuxinlai/gopath/src/github.com/elastos/Elastos.ELA.SideChain.ESC/build/_workspace/src/github.com/elastos/Elastos.ELA.SideChain.ESC/vendor/github.com/elastos/Elastos.ELA/p2p/addrmgr/addrmanager.go:371: Start check addrList, count: 0
2022-06-18 19:09:49.585 [INF] ADMR /Users/xuxinlai/gopath/src/github.com/elastos/Elastos.ELA.SideChain.ESC/build/_workspace/src/github.com/elastos/Elastos.ELA.SideChain.ESC/vendor/github.com/elastos/Elastos.ELA/p2p/addrmgr/addrmanager.go:378: Check addrList finished, need to remove 0 addr, 0 addr is ok
2022-06-18 20:46:23.793 [INF] ADMR /Users/xuxinlai/gopath/src/github.com/elastos/Elastos.ELA.SideChain.ESC/build/_workspace/src/github.com/elastos/Elastos.ELA.SideChain.ESC/vendor/github.com/elastos/Elastos.ELA/p2p/addrmgr/addrmanager.go:625: Address manager shutting down
2022-06-18 20:46:23.794 [INF] SYNC /Users/xuxinlai/gopath/src/github.com/elastos/Elastos.ELA.SideChain.ESC/build/_workspace/src/github.com/elastos/Elastos.ELA.SideChain.ESC/vendor/github.com/elastos/Elastos.ELA.SPV/sync/manager.go:734: Sync manager shutting down
2022-06-18 20:46:23.797 [INF] SPVS /Users/xuxinlai/gopath/src/github.com/elastos/Elastos.ELA.SideChain.ESC/build/_workspace/src/github.com/elastos/Elastos.ELA.SideChain.ESC/vendor/github.com/elastos/Elastos.ELA.SPV/sdk/service.go:483: SPV service stopped...
